<?xml version="1.0" encoding="UTF-8"?>
<!-- Generated by org.testng.reporters.JUnitXMLReporter -->
<testsuite ignored="0" hostname="DESKTOP-J5F5OM7" failures="0" tests="3" name="ChromeTest" time="54.907" errors="0" timestamp="05 Nov 2018 16:03:35 GMT">
  <testcase classname="tests.CreditCardLandingPage" name="resizeSmallerWindow" time="6.363"/>
  <testcase classname="tests.CreditCardLandingPage" name="verifyCreditScoreButtonsAndDropdown" time="3.719"/>
  <testcase classname="tests.CreditCardLandingPage" name="verifyNavBarItemHoverAndLinks" time="14.042"/>
</testsuite> <!-- ChromeTest -->
